error[E0277]: the trait bound `False: SpecifierHasAtMost128Bits` is not satisfied
 --> tests/derive-specifier/out-of-bounds.rs:4:1
  |
4 | #[derive(BitfieldSpecifier, Debug)]
  | ^ the trait `SpecifierHasAtMost128Bits` is not implemented for `False`, which is required by `<<Header as CheckSpecifierHasAtMost128Bits>::CheckType as DispatchTrueFalse>::Out: SpecifierHasAtMost128Bits`
  |
  = help: the trait `SpecifierHasAtMost128Bits` is implemented for `True`
note: required by a bound in `CheckSpecifierHasAtMost128Bits`
 --> src/private/checks.rs
  |
  | pub trait CheckSpecifierHasAtMost128Bits
  |           ------------------------------ required by a bound in this trait
  | where
  |     <Self::CheckType as DispatchTrueFalse>::Out: SpecifierHasAtMost128Bits,
  |                                                  ^^^^^^^^^^^^^^^^^^^^^^^^^ required by this bound in `CheckSpecifierHasAtMost128Bits`
  = note: `CheckSpecifierHasAtMost128Bits` is a "sealed trait", because to implement it you also need to implement `scryer_modular_bitfield::private::checks::SpecifierHasAtMost128Bits`, which is not accessible; this is usually done to force you to use one of the provided types that already implement it
  = help: the following type implements the trait:
            scryer_modular_bitfield::private::checks::True

error[E0277]: the trait bound `[(); 136]: ArrayBytesConversion` is not satisfied
 --> tests/derive-specifier/out-of-bounds.rs:4:1
  |
4 | #[derive(BitfieldSpecifier, Debug)]
  | ^ the trait `ArrayBytesConversion` is not implemented for `[(); 136]`
  |
  = help: the following other types implement trait `ArrayBytesConversion`:
            [(); 8]
            [(); 16]
            [(); 24]
            [(); 32]
            [(); 40]
            [(); 48]
            [(); 56]
            [(); 64]
          and $N others
